============================= test session starts =============================
platform win32 -- Python 3.13.3, pytest-9.0.2, pluggy-1.6.0
rootdir: C:\Users\User\OneDrive\ai_code_reviewer\ai_code_reviewer
plugins: anyio-4.10.0, json-report-1.5.0, metadata-3.1.1
collected 12 items / 3 errors

=================================== ERRORS ====================================
__________________ ERROR collecting tests/test_generator.py ___________________
ImportError while importing test module 'C:\Users\User\OneDrive\ai_code_reviewer\ai_code_reviewer\tests\test_generator.py'.
Hint: make sure your test modules/packages have valid Python names.
Traceback:
C:\Program Files\Python313\Lib\importlib\__init__.py:88: in import_module
    return _bootstrap._gcd_import(name[level:], package, level)
           ^^^^^^^^^^^^^^^^^^^^^^^^^^^^^^^^^^^^^^^^^^^^^^^^^^^^
tests\test_generator.py:3: in <module>
    from core.docstring_engine.generator import generate_docstring
core\docstring_engine\generator.py:1: in <module>
    from core.review_engine.groq_review import generate_docstring as groq_generate
core\review_engine\groq_review.py:2: in <module>
    from groq import Groq
E   ModuleNotFoundError: No module named 'groq'
_______________ ERROR collecting tests/test_llm_integration.py ________________
ImportError while importing test module 'C:\Users\User\OneDrive\ai_code_reviewer\ai_code_reviewer\tests\test_llm_integration.py'.
Hint: make sure your test modules/packages have valid Python names.
Traceback:
C:\Program Files\Python313\Lib\importlib\__init__.py:88: in import_module
    return _bootstrap._gcd_import(name[level:], package, level)
           ^^^^^^^^^^^^^^^^^^^^^^^^^^^^^^^^^^^^^^^^^^^^^^^^^^^^
tests\test_llm_integration.py:3: in <module>
    from core.docstring_engine.generator import generate_docstring
core\docstring_engine\generator.py:1: in <module>
    from core.review_engine.groq_review import generate_docstring as groq_generate
core\review_engine\groq_review.py:2: in <module>
    from groq import Groq
E   ModuleNotFoundError: No module named 'groq'
_____________________ ERROR collecting tests/test_main.py _____________________
ImportError while importing test module 'C:\Users\User\OneDrive\ai_code_reviewer\ai_code_reviewer\tests\test_main.py'.
Hint: make sure your test modules/packages have valid Python names.
Traceback:
src\main.py:20: in <module>
    from core.review_engine import groq_review
core\review_engine\groq_review.py:2: in <module>
    from groq import Groq
E   ModuleNotFoundError: No module named 'groq'

During handling of the above exception, another exception occurred:
C:\Program Files\Python313\Lib\importlib\__init__.py:88: in import_module
    return _bootstrap._gcd_import(name[level:], package, level)
           ^^^^^^^^^^^^^^^^^^^^^^^^^^^^^^^^^^^^^^^^^^^^^^^^^^^^
tests\test_main.py:2: in <module>
    from src.main import clean_docstring
src\main.py:27: in <module>
    from core.review_engine import groq_review
core\review_engine\groq_review.py:2: in <module>
    from groq import Groq
E   ModuleNotFoundError: No module named 'groq'
------------------------------- Captured stderr -------------------------------
2026-01-20 22:23:56.499 Thread 'MainThread': missing ScriptRunContext! This warning can be ignored when running in bare mode.
=========================== short test summary info ===========================
ERROR tests/test_generator.py
ERROR tests/test_llm_integration.py
ERROR tests/test_main.py
!!!!!!!!!!!!!!!!!!! Interrupted: 3 errors during collection !!!!!!!!!!!!!!!!!!!
============================== 3 errors in 2.45s ==============================
