============================= test session starts =============================
platform win32 -- Python 3.13.3, pytest-9.0.2, pluggy-1.6.0
rootdir: C:\Users\User\OneDrive\ai_code_reviewer\ai_code_reviewer
plugins: anyio-4.10.0, json-report-1.5.0, metadata-3.1.1
collected 4 items

tests\test_validator.py .F..                                             [100%]

================================== FAILURES ===================================
_______________________________ test_val_google _______________________________

validator = <core.validator.code_validator.CodeValidator object at 0x0000018ED955B890>

    def test_val_google(validator):
        code = '''
    def foo(a, b):
        """
        Summary.
    
        Args:
            a: A
            b: B
    
        Returns:
            C
        """
        return a+b
    '''
        node = parse_func(code)
    
        assert validator.is_documented(node) is True
        valid, msg = validator.validate_format(ast.get_docstring(node))
        assert valid is True
>       assert validator.get_score(node) == 100
E       assert 80 == 100
E        +  where 80 = get_score(<ast.FunctionDef object at 0x0000018ED9E97790>)
E        +    where get_score = <core.validator.code_validator.CodeValidator object at 0x0000018ED955B890>.get_score

tests\test_validator.py:43: AssertionError
=========================== short test summary info ===========================
FAILED tests/test_validator.py::test_val_google - assert 80 == 100
========================= 1 failed, 3 passed in 0.11s =========================
